Microsoft (R) Macro Assembler Version 14.20.27508.1	    05/04/19 08:40:56
AsmSource.asm						     Page 1 - 1


				.386
				PUBLIC _solveEquation
				.model flat
 00000000			.code

 00000000			_solveEquation proc
 00000000  55				push ebp
 00000001  8B EC			mov ebp, esp
 00000003  8B 45 08			mov eax, [ebp + 8] ; first param (a)
 00000006  83 F8 00			cmp eax, 0
 00000009  74 02			jz AEqualsZero
 0000000B  75 1C			jnz ANotEqualsZero
 0000000D			AEqualsZero:
 0000000D  8B 45 0C			mov eax, [ebp + 12]; second param (b)
 00000010  83 F8 00			cmp eax, 0
 00000013  74 02			jz BEqualsZero
 00000015  75 09			jnz BNotEqualsZero
 00000017			BEqualsZero: ; x = R
 00000017  8B 5D 14			mov ebx, [ebp + 20]
 0000001A  B0 01			mov al, 1
 0000001C  86 03			xchg al, [ebx]
 0000001E  EB 1A			jmp _End
 00000020			BNotEqualsZero: ; no x
 00000020  8B 5D 10			mov ebx, [ebp + 16]
 00000023  B0 00			mov al, 0
 00000025  86 03			xchg [ebx], al
 00000027  EB 11			jmp _End
 00000029			ANotEqualsZero:
 00000029  8B 45 0C			mov eax, [ebp + 12] ; secon param (b)
 0000002C  BB FFFFFFFF			mov ebx, -1
 00000031  F7 EB			imul ebx
 00000033  8B 5D 08			mov ebx, [ebp + 8]
 00000036  F7 FB			idiv ebx
 00000038  EB 00			jmp _End
 0000003A			_End:
 0000003A  5D				pop ebp 
 0000003B  C3				ret 
 0000003C			_solveEquation endp

				end
Microsoft (R) Macro Assembler Version 14.20.27508.1	    05/04/19 08:40:56
AsmSource.asm						     Symbols 2 - 1




Segments and Groups:

                N a m e                 Size     Length   Align   Combine Class

FLAT . . . . . . . . . . . . . .	GROUP
_DATA  . . . . . . . . . . . . .	32 Bit	 00000000 DWord	  Public  'DATA'	
_TEXT  . . . . . . . . . . . . .	32 Bit	 0000003C DWord	  Public  'CODE'	


Procedures, parameters, and locals:

                N a m e                 Type     Value    Attr

_solveEquation . . . . . . . . .	P Near	 00000000 _TEXT	Length= 0000003C Public
  AEqualsZero  . . . . . . . . .	L Near	 0000000D _TEXT	
  BEqualsZero  . . . . . . . . .	L Near	 00000017 _TEXT	
  BNotEqualsZero . . . . . . . .	L Near	 00000020 _TEXT	
  ANotEqualsZero . . . . . . . .	L Near	 00000029 _TEXT	
  _End . . . . . . . . . . . . .	L Near	 0000003A _TEXT	


Symbols:

                N a m e                 Type     Value    Attr

@CodeSize  . . . . . . . . . . .	Number	 00000000h   
@DataSize  . . . . . . . . . . .	Number	 00000000h   
@Interface . . . . . . . . . . .	Number	 00000000h   
@Model . . . . . . . . . . . . .	Number	 00000007h   
@code  . . . . . . . . . . . . .	Text   	 _TEXT
@data  . . . . . . . . . . . . .	Text   	 FLAT
@fardata?  . . . . . . . . . . .	Text   	 FLAT
@fardata . . . . . . . . . . . .	Text   	 FLAT
@stack . . . . . . . . . . . . .	Text   	 FLAT

	   0 Warnings
	   0 Errors
