Microsoft (R) Macro Assembler Version 14.20.27508.1	    05/30/19 11:42:43
AsmSource.asm						     Page 1 - 1


				.386
				.MODEL FLAT
 00000000			.DATA?
 00000000 00000000		n			dd		?
 00000004 00000000		max_index	dd		?
 00000008 00000000		max_count	dd		?
 00000000			.CODE
				;-----------Function definitions--------------------
 00000000			@uniqueElements@8 PROC
 00000000  89 15 00000000 R		mov n, edx
 00000006  B8 00000000			mov eax, 0
 0000000B  BE 00000000			mov esi, 0
 00000010  BF 00000000			mov edi, 0
 00000015				begin_external_loop:
 00000015  8B FE				mov edi, esi
 00000017  83 C7 01				add edi, 1
 0000001A					begin_internal_loop:
 0000001A  8B 1C B1					mov ebx, [ecx + esi*4]
 0000001D  8B 14 B9					mov edx, [ecx + edi*4]
 00000020  3B DA					cmp ebx, edx
 00000022  74 02					je if_start
 00000024  EB 07					jmp if_end
 00000026						if_start:
 00000026  3B F7						cmp esi, edi
 00000028  74 03						je if_end
 0000002A  40							inc eax
 0000002B  EB 09						jmp end_internal_loop
 0000002D						if_end:
 0000002D  47						inc edi
 0000002E  3B 3D 00000000 R				cmp edi, n
 00000034  7C E4					jl begin_internal_loop
 00000036					end_internal_loop:
 00000036  46					inc esi
 00000037  8B 1D 00000000 R			mov ebx, n
 0000003D  4B					dec ebx
 0000003E  3B F3				cmp esi, ebx
 00000040  7C D3				jl begin_external_loop
 00000042				end_external_loop:
 00000042  29 05 00000000 R		sub n, eax
 00000048  A1 00000000 R		mov eax, n
 0000004D  C3				ret
 0000004E			@uniqueElements@8 ENDP

 0000004E			@mostFrequentElement@8 PROC
 0000004E  89 15 00000000 R		mov n, edx
 00000054  B8 00000000			mov eax, 0
 00000059  BE 00000000			mov esi, 0
 0000005E  BF 00000000			mov edi, 0
 00000063				begin_external_loop:
 00000063  8B FE				mov edi, esi
 00000065  83 C7 01				add edi, 1
 00000068  B8 00000000				mov eax, 0
 0000006D					begin_internal_loop:
 0000006D  8B 1C B1					mov ebx, [ecx + esi*4]
 00000070  8B 14 B9					mov edx, [ecx + edi*4]
 00000073  3B DA					cmp ebx, edx
 00000075  74 02					je if_equal_start
 00000077  EB 01					jmp if_equal_end
 00000079						if_equal_start:
 00000079  40							inc eax
 0000007A						if_equal_end:
 0000007A  47						inc edi
 0000007B  3B 3D 00000000 R				cmp edi, n
 00000081  7C EA					jl begin_internal_loop
 00000083					end_internal_loop:
 00000083  3B 05 00000008 R			cmp eax, max_count
 00000089  7F 02				jg if_greater_start
 0000008B  EB 0B				jmp if_greater_end
 0000008D					if_greater_start:
 0000008D  89 35 00000004 R				mov max_index, esi
 00000093  A3 00000008 R				mov max_count, eax
 00000098					if_greater_end:
 00000098  46					inc esi
 00000099  8B 1D 00000000 R			mov ebx, n
 0000009F  4B					dec ebx
 000000A0  3B F3				cmp esi, ebx
 000000A2  7C BF				jl begin_external_loop
 000000A4				end_external_loop:
 000000A4  8B 35 00000004 R		mov esi, max_index
 000000AA  8B 04 B1			mov eax, [ecx + esi*4]
 000000AD  C3				ret
 000000AE			@mostFrequentElement@8 ENDP
				END
 
Microsoft (R) Macro Assembler Version 14.20.27508.1	    05/30/19 11:42:43
AsmSource.asm						     Symbols 2 - 1




Segments and Groups:

                N a m e                 Size     Length   Align   Combine Class

FLAT . . . . . . . . . . . . . .	GROUP
_BSS . . . . . . . . . . . . . .	32 Bit	 0000000C DWord	  Public  'BSS'  
_DATA  . . . . . . . . . . . . .	32 Bit	 00000000 DWord	  Public  'DATA'	
_TEXT  . . . . . . . . . . . . .	32 Bit	 000000AE DWord	  Public  'CODE'	


Procedures, parameters, and locals:

                N a m e                 Type     Value    Attr

@mostFrequentElement@8 . . . . .	P Near	 0000004E _TEXT	Length= 00000060 Public
  begin_external_loop  . . . . .	L Near	 00000063 _TEXT	
  begin_internal_loop  . . . . .	L Near	 0000006D _TEXT	
  if_equal_start . . . . . . . .	L Near	 00000079 _TEXT	
  if_equal_end . . . . . . . . .	L Near	 0000007A _TEXT	
  end_internal_loop  . . . . . .	L Near	 00000083 _TEXT	
  if_greater_start . . . . . . .	L Near	 0000008D _TEXT	
  if_greater_end . . . . . . . .	L Near	 00000098 _TEXT	
  end_external_loop  . . . . . .	L Near	 000000A4 _TEXT	
@uniqueElements@8  . . . . . . .	P Near	 00000000 _TEXT	Length= 0000004E Public
  begin_external_loop  . . . . .	L Near	 00000015 _TEXT	
  begin_internal_loop  . . . . .	L Near	 0000001A _TEXT	
  if_start . . . . . . . . . . .	L Near	 00000026 _TEXT	
  if_end . . . . . . . . . . . .	L Near	 0000002D _TEXT	
  end_internal_loop  . . . . . .	L Near	 00000036 _TEXT	
  end_external_loop  . . . . . .	L Near	 00000042 _TEXT	


Symbols:

                N a m e                 Type     Value    Attr

@CodeSize  . . . . . . . . . . .	Number	 00000000h   
@DataSize  . . . . . . . . . . .	Number	 00000000h   
@Interface . . . . . . . . . . .	Number	 00000000h   
@Model . . . . . . . . . . . . .	Number	 00000007h   
@code  . . . . . . . . . . . . .	Text   	 _TEXT
@data  . . . . . . . . . . . . .	Text   	 FLAT
@fardata?  . . . . . . . . . . .	Text   	 FLAT
@fardata . . . . . . . . . . . .	Text   	 FLAT
@stack . . . . . . . . . . . . .	Text   	 FLAT
max_count  . . . . . . . . . . .	DWord	 00000008 _BSS	
max_index  . . . . . . . . . . .	DWord	 00000004 _BSS	
n  . . . . . . . . . . . . . . .	DWord	 00000000 _BSS	

	   0 Warnings
	   0 Errors
