Microsoft (R) Macro Assembler Version 14.20.27508.1	    05/02/19 07:51:22
AsmSource.asm						     Page 1 - 1


				.386
				PUBLIC _Swap
				.model flat
 00000000			.code

 00000000			_Swap proc
 00000000  55				push ebp
 00000001  8B EC			mov ebp, esp
 00000003  8B 75 08			mov esi, [ebp + 8]
 00000006  8B 7D 0C			mov edi, [ebp + 12]
 00000009  8B 06			mov eax, [esi]
 0000000B  87 07			xchg eax, [edi]
 0000000D  89 06			mov [esi], eax
 0000000F  5D				pop ebp 
 00000010  C3				ret 
 00000011			_Swap endp

				end 
Microsoft (R) Macro Assembler Version 14.20.27508.1	    05/02/19 07:51:22
AsmSource.asm						     Symbols 2 - 1




Segments and Groups:

                N a m e                 Size     Length   Align   Combine Class

FLAT . . . . . . . . . . . . . .	GROUP
_DATA  . . . . . . . . . . . . .	32 Bit	 00000000 DWord	  Public  'DATA'	
_TEXT  . . . . . . . . . . . . .	32 Bit	 00000011 DWord	  Public  'CODE'	


Procedures, parameters, and locals:

                N a m e                 Type     Value    Attr

_Swap  . . . . . . . . . . . . .	P Near	 00000000 _TEXT	Length= 00000011 Public


Symbols:

                N a m e                 Type     Value    Attr

@CodeSize  . . . . . . . . . . .	Number	 00000000h   
@DataSize  . . . . . . . . . . .	Number	 00000000h   
@Interface . . . . . . . . . . .	Number	 00000000h   
@Model . . . . . . . . . . . . .	Number	 00000007h   
@code  . . . . . . . . . . . . .	Text   	 _TEXT
@data  . . . . . . . . . . . . .	Text   	 FLAT
@fardata?  . . . . . . . . . . .	Text   	 FLAT
@fardata . . . . . . . . . . . .	Text   	 FLAT
@stack . . . . . . . . . . . . .	Text   	 FLAT

	   0 Warnings
	   0 Errors
