Microsoft (R) Macro Assembler Version 14.20.27508.1	    05/30/19 12:31:32
AsmSource.asm						     Page 1 - 1


				.386
				.MODEL FLAT
 00000000			.DATA?
 00000000 00000000		m_left		dd		?
 00000004 00000000		m_right		dd		?
 00000008 00000000		m_result	dd		?
 0000000C 00000000		n			dd		?
 00000010 00000000		m			dd		?
 00000014 00000000		k			dd		?
 00000000			.CODE
				;-----------Function definitions--------------------
 00000000			_computeElement PROC
 00000000  55				push ebp
 00000001  52				push edx
 00000002  51				push ecx
 00000003  53				push ebx
 00000004  8B EC			mov ebp, esp
 00000006  33 DB			xor ebx, ebx
 00000008  33 C0			xor eax, eax
 0000000A				begin_loop:
 0000000A  8B 0D 00000000 R			mov ecx, m_left
 00000010  8B 0C B1				mov ecx, [ecx + esi*4]
 00000013  8B 0C 99				mov ecx, [ecx + ebx*4]

 00000016  8B 15 00000004 R			mov edx, m_right
 0000001C  8B 14 9A				mov edx, [edx + ebx*4]
 0000001F  8B 14 BA				mov edx, [edx + edi*4]
						
 00000022  91					xchg eax, ecx
 00000023  F7 EA				imul edx
 00000025  03 C1				add eax, ecx
 00000027  43					inc ebx
 00000028  3B 1D 00000010 R			cmp ebx, m
 0000002E  7C DA				jl begin_loop
 00000030				end_loop:
 00000030  5B				pop ebx
 00000031  59				pop ecx
 00000032  5A				pop edx
 00000033  5D				pop ebp
 00000034  C3				ret
 00000035			_computeElement ENDP
 00000035			_multiplyMatrices PROC
 00000035  55				push ebp
 00000036  8B EC			mov ebp, esp
 00000038  8B 45 08			mov eax, [ebp+8] 
 0000003B  A3 00000000 R		mov m_left, eax
 00000040  8B 45 0C			mov eax, [ebp+12]
 00000043  A3 00000004 R		mov m_right, eax
 00000048  8B 5D 10			mov ebx, [ebp+16]
 0000004B  8B 45 14			mov eax, [ebp+20]
 0000004E  A3 0000000C R		mov n, eax
 00000053  8B 45 18			mov eax, [ebp+24]
 00000056  A3 00000010 R		mov m, eax
 0000005B  8B 45 1C			mov eax, [ebp+28]
 0000005E  A3 00000014 R		mov k, eax
 00000063  33 F6			xor esi, esi
 00000065  33 FF			xor edi, edi
 00000067				begin_external_loop:
 00000067  33 FF				xor edi, edi
 00000069					begin_internal_loop:
 00000069  E8 FFFFFF92					call _computeElement
 0000006E  8B 0C B3					mov ecx, [ebx+esi*4]
 00000071  87 04 B9					xchg eax, [ecx+edi*4]
 00000074  47						inc edi
 00000075  3B 3D 00000014 R				cmp edi, k
 0000007B  7C EC				jl begin_internal_loop
 0000007D					end_internal_loop:
 0000007D  46					inc esi
 0000007E  3B 35 0000000C R			cmp esi, n
 00000084  7C E1				jl begin_external_loop
 00000086				end_external_loop:
 00000086  5D				pop ebp
 00000087  C3				ret
 00000088			_multiplyMatrices ENDP
				END
 
Microsoft (R) Macro Assembler Version 14.20.27508.1	    05/30/19 12:31:32
AsmSource.asm						     Symbols 2 - 1




Segments and Groups:

                N a m e                 Size     Length   Align   Combine Class

FLAT . . . . . . . . . . . . . .	GROUP
_BSS . . . . . . . . . . . . . .	32 Bit	 00000018 DWord	  Public  'BSS'  
_DATA  . . . . . . . . . . . . .	32 Bit	 00000000 DWord	  Public  'DATA'	
_TEXT  . . . . . . . . . . . . .	32 Bit	 00000088 DWord	  Public  'CODE'	


Procedures, parameters, and locals:

                N a m e                 Type     Value    Attr

_computeElement  . . . . . . . .	P Near	 00000000 _TEXT	Length= 00000035 Public
  begin_loop . . . . . . . . . .	L Near	 0000000A _TEXT	
  end_loop . . . . . . . . . . .	L Near	 00000030 _TEXT	
_multiplyMatrices  . . . . . . .	P Near	 00000035 _TEXT	Length= 00000053 Public
  begin_external_loop  . . . . .	L Near	 00000067 _TEXT	
  begin_internal_loop  . . . . .	L Near	 00000069 _TEXT	
  end_internal_loop  . . . . . .	L Near	 0000007D _TEXT	
  end_external_loop  . . . . . .	L Near	 00000086 _TEXT	


Symbols:

                N a m e                 Type     Value    Attr

@CodeSize  . . . . . . . . . . .	Number	 00000000h   
@DataSize  . . . . . . . . . . .	Number	 00000000h   
@Interface . . . . . . . . . . .	Number	 00000000h   
@Model . . . . . . . . . . . . .	Number	 00000007h   
@code  . . . . . . . . . . . . .	Text   	 _TEXT
@data  . . . . . . . . . . . . .	Text   	 FLAT
@fardata?  . . . . . . . . . . .	Text   	 FLAT
@fardata . . . . . . . . . . . .	Text   	 FLAT
@stack . . . . . . . . . . . . .	Text   	 FLAT
k  . . . . . . . . . . . . . . .	DWord	 00000014 _BSS	
m_left . . . . . . . . . . . . .	DWord	 00000000 _BSS	
m_result . . . . . . . . . . . .	DWord	 00000008 _BSS	
m_right  . . . . . . . . . . . .	DWord	 00000004 _BSS	
m  . . . . . . . . . . . . . . .	DWord	 00000010 _BSS	
n  . . . . . . . . . . . . . . .	DWord	 0000000C _BSS	

	   0 Warnings
	   0 Errors
